[1:11:04 PM] Session room: sourcery-zx314y
[1:11:18 PM] 🚀 Starting autonomous deploy…
[1:11:18 PM] 🧹 Cleaning stale port/tunnel processes…
[1:11:18 PM] ✅ Environment clean
[1:11:18 PM] 📡 Launching Node relay on port 5173…
[1:11:18 PM]    node: /usr/local/bin/node
[1:11:18 PM] ✅ Node relay online
[1:11:19 PM] 🔐 Establishing secure public tunnel…
[1:11:20 PM] 🟢 Tunnel active: ejlfw-2601-602-67f-a1c0-3c8e-5e5d-d1de-9f02.run.pinggy-free.link
[1:11:20 PM] 🔗 Shortening link…
[1:11:21 PM] 🔗 Short link ready: https://tinyurl.com/29ux8jd4
[1:13:02 PM] 🛑 Shutting down all services…
[1:13:02 PM] ⚠️ SSH tunnel exited (code: 255)
[1:13:02 PM] ⚠️ Node relay exited (code: 15)
[1:13:02 PM] 🛑 Shutting down all services…
[1:13:43 PM] Session room: sourcery-v85qzy
[1:15:59 PM] 🛑 Shutting down all services…
[1:16:03 PM] Session room: sourcery-vrgvq2
[1:16:23 PM] 🛑 Shutting down all services…
[1:16:25 PM] Session room: sourcery-nlktok
[1:16:27 PM] 🚀 Starting autonomous deploy…
[1:16:27 PM] 🧹 Cleaning stale port/tunnel processes…
[1:16:27 PM] ✅ Environment clean
[1:16:27 PM] 📡 Launching Node relay on port 5173…
[1:16:27 PM]    node: /usr/local/bin/node
[1:16:27 PM] ✅ Node relay online
[1:16:28 PM] 🔐 Establishing secure public tunnel…
[1:16:29 PM] 🟢 Tunnel active: qlnkj-2601-602-67f-a1c0-3c8e-5e5d-d1de-9f02.run.pinggy-free.link
[1:16:29 PM] 🔗 Shortening link…
[1:16:30 PM] 🔗 Short link ready: https://tinyurl.com/26ywdjwc
[1:18:49 PM] 🛑 Shutting down all services…
[1:18:49 PM] ⚠️ SSH tunnel exited (code: 255)
[1:18:49 PM] ⚠️ Node relay exited (code: 15)
[1:18:53 PM] 🛑 Shutting down all services…
[1:18:53 PM] 🛑 Shutting down all services…
[1:19:00 PM] Session room: sourcery-92wwir
[1:19:00 PM] 🚀 Starting autonomous deploy…
[1:19:00 PM] 🧹 Cleaning stale port/tunnel processes…
[1:19:00 PM] ✅ Environment clean
[1:19:00 PM] 📡 Launching Node relay on port 5173…
[1:19:00 PM]    node: /usr/local/bin/node
[1:19:00 PM] ✅ Node relay online
[1:19:01 PM] 🔐 Establishing secure public tunnel…
[1:19:02 PM] 🟢 Tunnel active: pfbfc-2601-602-67f-a1c0-3c8e-5e5d-d1de-9f02.run.pinggy-free.link
[1:19:02 PM] 🔗 Shortening link…
[1:19:02 PM] 🔗 Short link ready: https://tinyurl.com/2ykac9fg
[1:19:04 PM] 📋 Link copied to clipboard
[1:22:06 PM] 🛑 Shutting down all services…
[1:22:06 PM] ⚠️ SSH tunnel exited (code: 255)
[1:22:06 PM] ⚠️ Node relay exited (code: 15)
[1:22:06 PM] 🛑 Shutting down all services…
[1:25:16 PM] Session room: sourcery-0ahu2t
[1:25:18 PM] 🚀 Starting autonomous deploy…
[1:25:18 PM] 🧹 Cleaning stale port/tunnel processes…
[1:25:18 PM] ✅ Environment clean
[1:25:18 PM] 📡 Launching Node relay on port 5173…
[1:25:18 PM]    node: /usr/local/bin/node
[1:25:18 PM] ✅ Node relay online
[1:25:19 PM] 🔐 Establishing secure public tunnel…
[1:25:20 PM] 🟢 Tunnel active: stomn-2601-602-67f-a1c0-3c8e-5e5d-d1de-9f02.run.pinggy-free.link
[1:25:20 PM] 🔗 Shortening link…
[1:25:21 PM] 🔗 Short link ready: https://tinyurl.com/2dx9nwv7
[1:25:49 PM] 🛑 Shutting down all services…
[1:25:49 PM] ⚠️ SSH tunnel exited (code: 255)
[1:25:49 PM] ⚠️ Node relay exited (code: 15)
[1:25:50 PM] 🛑 Shutting down all services…
[1:28:29 PM] Session room: sourcery-wy3nn8
[1:28:29 PM] 🚀 Starting autonomous deploy…
[1:28:29 PM] 🧹 Cleaning stale port/tunnel processes…
[1:28:29 PM] ✅ Environment clean
[1:28:29 PM] 📡 Launching Node relay on port 5173…
[1:28:29 PM]    node: /usr/local/bin/node
[1:28:29 PM] ✅ Node relay online
[1:28:30 PM] 🔐 Establishing secure public tunnel…
[1:28:31 PM] 🟢 Tunnel active: fmoov-2601-602-67f-a1c0-3c8e-5e5d-d1de-9f02.run.pinggy-free.link
[1:28:31 PM] 🔗 Shortening link…
[1:28:31 PM] 🔗 Short link ready: https://tinyurl.com/27rwk7qs
[1:28:40 PM] 📋 Link copied to clipboard
[1:34:03 PM] 📋 Link copied to clipboard
[1:36:54 PM] 🛑 Shutting down all services…
[1:36:54 PM] ⚠️ SSH tunnel exited (code: 255)
[1:36:54 PM] ⚠️ Node relay exited (code: 15)
[1:36:55 PM] Session room: sourcery-6uital
[1:36:57 PM] 🚀 Starting autonomous deploy…
[1:36:57 PM] 🧹 Cleaning stale port/tunnel processes…
[1:36:58 PM] ✅ Environment clean
[1:36:58 PM] 📡 Launching Node relay on port 5173…
[1:36:58 PM]    node: /usr/local/bin/node
[1:36:58 PM] ✅ Node relay online
[1:36:58 PM] 🔐 Establishing secure public tunnel…
[1:37:00 PM] 🟢 Tunnel active: jaxdi-2601-602-67f-a1c0-3c8e-5e5d-d1de-9f02.run.pinggy-free.link
[2:36:59 PM] ⚠️ SSH tunnel exited (code: 255)
[2:55:48 PM] 🛑 Shutting down all services…
[2:55:48 PM] ⚠️ Node relay exited (code: 15)
[2:56:28 PM] Session room: sourcery-259i62
[2:56:30 PM] 🚀 Starting autonomous deploy…
[2:56:30 PM] 🧹 Cleaning stale port/tunnel processes…
[2:56:30 PM] ✅ Environment clean
[2:56:30 PM] 📡 Launching Node relay on port 5173…
[2:56:30 PM]    node: /usr/local/bin/node
[2:56:30 PM] ✅ Node relay online
[2:56:31 PM] 🔐 Establishing secure public Cloudflare tunnel…
[2:56:35 PM] 🟢 Tunnel active: dedicated-element-serves-minutes.trycloudflare.com
[2:57:53 PM] 🛑 Shutting down all services…
[2:57:53 PM] ⚠️ Node relay exited (code: 15)
[2:57:53 PM] ⚠️ Cloudflare tunnel exited (code: 0)
[2:58:07 PM] 🚀 Starting autonomous deploy…
[2:58:07 PM] 🧹 Cleaning stale port/tunnel processes…
[2:58:08 PM] ✅ Environment clean
[2:58:08 PM] 📡 Launching Node relay on port 5173…
[2:58:08 PM]    node: /usr/local/bin/node
[2:58:08 PM] ✅ Node relay online
[2:58:08 PM] 🔐 Establishing secure public Cloudflare tunnel…
[2:58:12 PM] 🟢 Tunnel active: turner-housewares-helping-following.trycloudflare.com
[3:02:07 PM] 🛑 Shutting down all services…
[3:02:07 PM] ⚠️ Node relay exited (code: 15)
[3:02:07 PM] ⚠️ Cloudflare tunnel exited (code: 0)
[3:02:07 PM] Session room: sourcery-xb0o8g
[3:02:08 PM] 🚀 Starting autonomous deploy…
[3:02:08 PM] 🧹 Cleaning stale port/tunnel processes…
[3:02:08 PM] ✅ Environment clean
[3:02:08 PM] 📡 Launching Node relay on port 5173…
[3:02:08 PM]    node: /usr/local/bin/node
[3:02:08 PM] ✅ Node relay online
[3:02:09 PM] 🔐 Establishing secure public Cloudflare tunnel…
[3:02:12 PM] 🟢 Tunnel active: cia-pole-stranger-mortgage.trycloudflare.com
[3:18:37 PM] 🛑 Shutting down all services…
[3:18:37 PM] ⚠️ Node relay exited (code: 15)
[3:18:37 PM] ⚠️ Cloudflare tunnel exited (code: 0)
[3:18:38 PM] 🛑 Shutting down all services…
[3:18:38 PM] 🛑 Shutting down all services…
[3:18:50 PM] Session room: sourcery-ld54vk
[3:18:50 PM] 🚀 Starting autonomous deploy…
[3:18:50 PM] 🧹 Cleaning stale port/tunnel processes…
[3:18:50 PM] ✅ Environment clean
[3:18:50 PM] 📡 Launching Node relay on port 5173…
[3:18:50 PM]    node: /usr/local/bin/node
[3:18:50 PM] ✅ Node relay online
[3:18:51 PM] 🔐 Establishing secure public Cloudflare tunnel…
[3:18:54 PM] 🟢 Tunnel active: camp-ended-sisters-configuring.trycloudflare.com
[3:19:01 PM] 📋 Link copied to clipboard
[3:20:49 PM] 🛑 Shutting down all services…
[3:20:49 PM] ⚠️ Node relay exited (code: 15)
[3:20:49 PM] ⚠️ Cloudflare tunnel exited (code: 0)
[3:20:50 PM] 🚀 Starting autonomous deploy…
[3:20:50 PM] 🧹 Cleaning stale port/tunnel processes…
[3:20:50 PM] ✅ Environment clean
[3:20:50 PM] 📡 Launching Node relay on port 5173…
[3:20:50 PM]    node: /usr/local/bin/node
[3:20:50 PM] ✅ Node relay online
[3:20:51 PM] 🔐 Establishing secure public Cloudflare tunnel…
[3:20:54 PM] 🟢 Tunnel active: just-requiring-pvc-jenny.trycloudflare.com
[3:27:08 PM] 🛑 Shutting down all services…
[3:27:08 PM] ⚠️ Node relay exited (code: 15)
[3:27:08 PM] ⚠️ Cloudflare tunnel exited (code: 0)
[3:27:11 PM] 🛑 Shutting down all services…
[3:27:11 PM] 🛑 Shutting down all services…
[3:27:14 PM] Session room: sourcery-187jmh
[3:27:14 PM] 🚀 Starting autonomous deploy…
[3:27:14 PM] 🧹 Cleaning stale port/tunnel processes…
[3:27:14 PM] ✅ Environment clean
[3:27:14 PM] 📡 Launching Node relay on port 5173…
[3:27:14 PM]    node: /usr/local/bin/node
[3:27:14 PM] ✅ Node relay online
[3:27:15 PM] 🔐 Establishing secure public Cloudflare tunnel…
[3:27:18 PM] 🟢 Tunnel active: precisely-scripting-nonprofit-issn.trycloudflare.com
[3:27:27 PM] 🛑 Shutting down all services…
[3:27:27 PM] ⚠️ Node relay exited (code: 15)
[3:27:27 PM] ⚠️ Cloudflare tunnel exited (code: 0)
[3:27:29 PM] 🚀 Starting autonomous deploy…
[3:27:29 PM] 🧹 Cleaning stale port/tunnel processes…
[3:27:29 PM] ✅ Environment clean
[3:27:29 PM] 📡 Launching Node relay on port 5173…
[3:27:29 PM]    node: /usr/local/bin/node
[3:27:29 PM] ✅ Node relay online
[3:27:30 PM] 🔐 Establishing secure public Cloudflare tunnel…
[3:27:33 PM] 🟢 Tunnel active: south-getting-scene-celebrate.trycloudflare.com
[3:41:00 PM] 🛑 Shutting down all services…
[3:41:00 PM] ⚠️ Node relay exited (code: 15)
[3:41:00 PM] ⚠️ Cloudflare tunnel exited (code: 0)
[3:41:00 PM] 🛑 Shutting down all services…
[3:45:25 PM] Session room: sourcery-iaf04c
[3:45:25 PM] 🚀 Starting autonomous deploy…
[3:45:25 PM] 🧹 Cleaning stale port/tunnel processes…
[3:45:25 PM] ✅ Environment clean
[3:45:25 PM] 📡 Launching Node relay on port 5173…
[3:45:25 PM]    node: /usr/local/bin/node
[3:45:26 PM] ✅ Node relay online
[3:45:26 PM] 🔐 Establishing secure public Cloudflare tunnel…
[3:45:30 PM] 🟢 Tunnel active: liabilities-ever-now-percent.trycloudflare.com
[3:46:37 PM] 🛑 Shutting down all services…
[3:46:37 PM] ⚠️ Node relay exited (code: 15)
[3:46:37 PM] ⚠️ Cloudflare tunnel exited (code: 15)
[3:47:05 PM] Session room: sourcery-idwzhr
[3:47:06 PM] 🚀 Starting autonomous deploy…
[3:47:06 PM] 🧹 Cleaning stale port/tunnel processes…
[3:47:06 PM] ✅ Environment clean
[3:47:06 PM] 📡 Launching Node relay on port 5173…
[3:47:06 PM]    node: /usr/local/bin/node
[3:47:06 PM] ✅ Node relay online
[3:47:06 PM] 🔐 Establishing secure public Cloudflare tunnel…
[3:47:10 PM] 🟢 Tunnel active: photographic-walter-designing-economies.trycloudflare.com
[3:47:39 PM] 🛑 Shutting down all services…
[3:47:39 PM] ⚠️ Node relay exited (code: 15)
[3:47:39 PM] ⚠️ Cloudflare tunnel exited (code: 0)
[3:47:40 PM] 🚀 Starting autonomous deploy…
[3:47:40 PM] 🧹 Cleaning stale port/tunnel processes…
[3:47:40 PM] ✅ Environment clean
[3:47:40 PM] 📡 Launching Node relay on port 5173…
[3:47:40 PM]    node: /usr/local/bin/node
[3:47:41 PM] ✅ Node relay online
[3:47:41 PM] 🔐 Establishing secure public Cloudflare tunnel…
[3:47:44 PM] 🟢 Tunnel active: durable-bowling-biz-interfaces.trycloudflare.com
[3:55:27 PM] 🛑 Shutting down all services…
[3:55:27 PM] ⚠️ Node relay exited (code: 15)
[3:55:27 PM] ⚠️ Cloudflare tunnel exited (code: 0)
[3:55:29 PM] 🛑 Shutting down all services…
[3:55:30 PM] 🛑 Shutting down all services…
[3:55:39 PM] Session room: sourcery-yzut3p
[3:55:39 PM] 🚀 Starting autonomous deploy…
[3:55:39 PM] 🧹 Cleaning stale port/tunnel processes…
[3:55:39 PM] ✅ Environment clean
[3:55:39 PM] 📡 Launching Node relay on port 5173…
[3:55:39 PM]    node: /usr/local/bin/node
[3:55:39 PM] ✅ Node relay online
[3:55:40 PM] 🔐 Establishing secure public Cloudflare tunnel…
[3:55:44 PM] 🟢 Tunnel active: sale-labs-shirt-directed.trycloudflare.com
[4:01:05 PM] 🛑 Shutting down all services…
[4:01:05 PM] ⚠️ Node relay exited (code: 15)
[4:01:05 PM] ⚠️ Cloudflare tunnel exited (code: 0)
[4:01:06 PM] 🛑 Shutting down all services…
[4:01:12 PM] Session room: sourcery-tka9qr
[4:01:14 PM] 🚀 Starting autonomous deploy…
[4:01:14 PM] 🧹 Cleaning stale port/tunnel processes…
[4:01:14 PM] ✅ Environment clean
[4:01:14 PM] 📡 Launching Node relay on port 5173…
[4:01:14 PM]    node: /usr/local/bin/node
[4:01:14 PM] ✅ Node relay online
[4:01:15 PM] 🔐 Establishing secure public Cloudflare tunnel…
[4:01:19 PM] 🟢 Tunnel active: vary-belong-atmosphere-beverage.trycloudflare.com
[4:01:26 PM] 🛑 Shutting down all services…
[4:01:26 PM] ⚠️ Node relay exited (code: 15)
[4:01:26 PM] ⚠️ Cloudflare tunnel exited (code: 0)
[4:01:28 PM] 🚀 Starting autonomous deploy…
[4:01:28 PM] 🧹 Cleaning stale port/tunnel processes…
[4:01:28 PM] ✅ Environment clean
[4:01:28 PM] 📡 Launching Node relay on port 5173…
[4:01:28 PM]    node: /usr/local/bin/node
[4:01:29 PM] ✅ Node relay online
[4:01:29 PM] 🔐 Establishing secure public Cloudflare tunnel…
[4:01:32 PM] 🟢 Tunnel active: strikes-virginia-barriers-southern.trycloudflare.com
[4:10:10 PM] 🛑 Shutting down all services…
[4:10:10 PM] ⚠️ Node relay exited (code: 15)
[4:10:10 PM] ⚠️ Cloudflare tunnel exited (code: 0)
[4:10:10 PM] 🛑 Shutting down all services…
[4:12:21 PM] Session room: sourcery-mmc2k7r4
[4:12:25 PM] 🚀 Starting — connecting to PieSocket broker…
[4:12:25 PM] 🔗 Connecting to PieSocket broker (room: sourcery-mmc2k7r4)…
[4:12:25 PM] 🧹 Cleaning stale port/tunnel processes…
[4:12:25 PM] ✅ Environment clean
[4:12:25 PM] 📡 Launching Node relay on port 5173…
[4:12:25 PM]    node: /usr/local/bin/node
[4:12:25 PM] ✅ Node relay online (LAN turbo mode ready on port 5173)
[4:12:26 PM] 🔐 Establishing secure public Cloudflare tunnel…
[4:12:29 PM] 🟢 Tunnel active: former-herein-inf-enabling.trycloudflare.com
[4:12:48 PM] 🛑 Shutting down all services…
[4:12:48 PM] ⚠️ Node relay exited (code: 15)
[4:12:48 PM] ⚠️ Cloudflare tunnel exited (code: 0)
[4:12:50 PM] 🚀 Starting — connecting to PieSocket broker…
[4:12:50 PM] 🔗 Connecting to PieSocket broker (room: sourcery-mmc2k7r4)…
[4:12:50 PM] 🧹 Cleaning stale port/tunnel processes…
[4:12:50 PM] ✅ Environment clean
[4:12:50 PM] 📡 Launching Node relay on port 5173…
[4:12:50 PM]    node: /usr/local/bin/node
[4:12:50 PM] ✅ Node relay online (LAN turbo mode ready on port 5173)
[4:12:51 PM] 🔐 Establishing secure public Cloudflare tunnel…
[4:12:55 PM] 🟢 Tunnel active: anyone-when-surface-county.trycloudflare.com
[4:14:25 PM] 🛑 Shutting down all services…
[4:14:25 PM] ⚠️ Node relay exited (code: 15)
[4:14:25 PM] ⚠️ Cloudflare tunnel exited (code: 0)
[4:14:27 PM] 🛑 Shutting down all services…
[4:14:27 PM] 🛑 Shutting down all services…
[4:14:34 PM] Session room: sourcery-mmc2k7r4
[4:14:34 PM] 🚀 Starting — connecting to PieSocket broker…
[4:14:34 PM] 🔗 Connecting to PieSocket broker (room: sourcery-mmc2k7r4)…
[4:14:34 PM] 🧹 Cleaning stale port/tunnel processes…
[4:14:34 PM] ✅ Environment clean
[4:14:34 PM] 📡 Launching Node relay on port 5173…
[4:14:34 PM]    node: /usr/local/bin/node
[4:14:34 PM] ✅ Node relay online (LAN turbo mode ready on port 5173)
[4:14:35 PM] 🔐 Establishing secure public Cloudflare tunnel…
[4:14:39 PM] 🟢 Tunnel active: selection-triumph-increasing-lou.trycloudflare.com
[4:18:05 PM] 🛑 Shutting down all services…
[4:18:05 PM] ⚠️ Node relay exited (code: 15)
[4:18:05 PM] ⚠️ Cloudflare tunnel exited (code: 0)
[4:18:06 PM] 🛑 Shutting down all services…
[4:18:07 PM] 🛑 Shutting down all services…
[4:18:12 PM] Session room: sourcery-mmc2k7r4
[4:18:12 PM] 🚀 Starting — connecting to PieSocket broker…
[4:18:12 PM] 🔗 Connecting to PieSocket broker (room: sourcery-mmc2k7r4)…
[4:18:12 PM] 🧹 Cleaning stale port/tunnel processes…
[4:18:12 PM] ✅ Environment clean
[4:18:12 PM] 📡 Launching Node relay on port 5173…
[4:18:12 PM]    node: /usr/local/bin/node
[4:18:12 PM] ✅ Node relay online (LAN turbo mode ready on port 5173)
[4:18:13 PM] 🔐 Establishing secure public Cloudflare tunnel…
[4:18:17 PM] 🟢 Tunnel active: shared-endorsement-dip-dimensional.trycloudflare.com
[4:20:01 PM] 🛑 Shutting down all services…
[4:20:01 PM] ⚠️ Node relay exited (code: 15)
[4:20:01 PM] ⚠️ Cloudflare tunnel exited (code: 0)
[4:20:01 PM] Session room: sourcery-mmc2k7r4
[4:20:01 PM] 🚀 Starting — connecting to PieSocket broker…
[4:20:01 PM] 🔗 Connecting to PieSocket broker (room: sourcery-mmc2k7r4)…
[4:20:01 PM] 🧹 Cleaning stale port/tunnel processes…
[4:20:01 PM] ✅ Environment clean
[4:20:01 PM] 📡 Launching Node relay on port 5173…
[4:20:01 PM]    node: /usr/local/bin/node
[4:20:01 PM] ✅ Node relay online (LAN turbo mode ready on port 5173)
[4:20:02 PM] 🔐 Establishing secure public Cloudflare tunnel…
[4:20:07 PM] 🟢 Tunnel active: compressed-bible-valve-bingo.trycloudflare.com
[4:20:51 PM] 🛑 Shutting down all services…
[4:20:51 PM] ⚠️ Node relay exited (code: 15)
[4:20:51 PM] ⚠️ Cloudflare tunnel exited (code: 0)
[4:23:40 PM] Session room: sourcery-mmc2k7r4
[4:23:42 PM] 🚀 Starting — connecting to PieSocket broker…
[4:23:42 PM] 🔗 Connecting to PieSocket broker (room: sourcery-mmc2k7r4)…
[4:23:42 PM] 🧹 Cleaning stale port/tunnel processes…
[4:23:42 PM] ✅ Environment clean
[4:23:42 PM] 📡 Launching Node relay on port 5173…
[4:23:42 PM]    node: /usr/local/bin/node
[4:23:42 PM] ✅ Node relay online (LAN turbo mode ready on port 5173)
[4:23:43 PM] 🔐 Establishing secure public Cloudflare tunnel…
[4:23:43 PM] 🌐 Connected to Broker. Waiting for listeners...
[4:23:43 PM] 📥 Unknown msg type: 
[4:23:43 PM] ❌ Socket disconnect/error: The operation couldn’t be completed. Socket is not connected
[4:23:45 PM] 🟢 Tunnel active: challenging-delhi-evident-thirty.trycloudflare.com
[4:23:47 PM] 🌐 Connected to Broker. Waiting for listeners...
[4:23:47 PM] 📥 Unknown msg type: 
[4:23:47 PM] ❌ Socket disconnect/error: The operation couldn’t be completed. Socket is not connected
[4:23:51 PM] 🌐 Connected to Broker. Waiting for listeners...
[4:23:51 PM] 📥 Unknown msg type: 
[4:23:51 PM] ❌ Socket disconnect/error: The operation couldn’t be completed. Socket is not connected
[4:23:55 PM] 🌐 Connected to Broker. Waiting for listeners...
[4:23:55 PM] 📥 Unknown msg type: 
[4:23:55 PM] ❌ Socket disconnect/error: The operation couldn’t be completed. Socket is not connected
[4:23:59 PM] 🌐 Connected to Broker. Waiting for listeners...
[4:23:59 PM] 📥 Unknown msg type: 
[4:23:59 PM] ❌ Socket disconnect/error: The operation couldn’t be completed. Socket is not connected
[4:24:03 PM] 🌐 Connected to Broker. Waiting for listeners...
[4:24:03 PM] 📥 Unknown msg type: 
[4:24:03 PM] ❌ Socket disconnect/error: The operation couldn’t be completed. Socket is not connected
[4:24:07 PM] 🌐 Connected to Broker. Waiting for listeners...
[4:24:07 PM] 📥 Unknown msg type: 
[4:24:07 PM] ❌ Socket disconnect/error: The operation couldn’t be completed. Socket is not connected
[4:24:11 PM] 🌐 Connected to Broker. Waiting for listeners...
[4:24:12 PM] 📥 Unknown msg type: 
[4:24:12 PM] ❌ Socket disconnect/error: The operation couldn’t be completed. Socket is not connected
[4:24:15 PM] 🌐 Connected to Broker. Waiting for listeners...
[4:24:16 PM] 📥 Unknown msg type: 
[4:24:16 PM] ❌ Socket disconnect/error: The operation couldn’t be completed. Socket is not connected
[4:24:20 PM] 🌐 Connected to Broker. Waiting for listeners...
[4:24:20 PM] 📥 Unknown msg type: 
[4:24:20 PM] ❌ Socket disconnect/error: The operation couldn’t be completed. Socket is not connected
[4:24:24 PM] 🌐 Connected to Broker. Waiting for listeners...
[4:24:24 PM] 📥 Unknown msg type: 
[4:24:24 PM] ❌ Socket disconnect/error: The operation couldn’t be completed. Socket is not connected
[4:24:28 PM] 🌐 Connected to Broker. Waiting for listeners...
[4:24:28 PM] 📥 Unknown msg type: 
[4:24:28 PM] ❌ Socket disconnect/error: The operation couldn’t be completed. Socket is not connected
[4:24:32 PM] 🌐 Connected to Broker. Waiting for listeners...
[4:24:32 PM] 📥 Unknown msg type: 
[4:24:32 PM] ❌ Socket disconnect/error: The operation couldn’t be completed. Socket is not connected
[4:24:36 PM] 🌐 Connected to Broker. Waiting for listeners...
[4:24:36 PM] 📥 Unknown msg type: 
[4:24:36 PM] ❌ Socket disconnect/error: The operation couldn’t be completed. Socket is not connected
[4:24:40 PM] 🌐 Connected to Broker. Waiting for listeners...
[4:24:40 PM] 📥 Unknown msg type: 
[4:24:40 PM] ❌ Socket disconnect/error: The operation couldn’t be completed. Socket is not connected
[4:24:44 PM] 🌐 Connected to Broker. Waiting for listeners...
[4:24:45 PM] 📥 Unknown msg type: 
[4:24:45 PM] ❌ Socket disconnect/error: The operation couldn’t be completed. Socket is not connected
[4:24:48 PM] 🌐 Connected to Broker. Waiting for listeners...
[4:24:49 PM] 📥 Unknown msg type: 
[4:24:49 PM] ❌ Socket disconnect/error: The operation couldn’t be completed. Socket is not connected
[4:24:53 PM] 🌐 Connected to Broker. Waiting for listeners...
[4:24:53 PM] 📥 Unknown msg type: 
[4:24:53 PM] ❌ Socket disconnect/error: The operation couldn’t be completed. Socket is not connected
[4:24:57 PM] 🌐 Connected to Broker. Waiting for listeners...
[4:24:57 PM] 📥 Unknown msg type: 
[4:24:57 PM] ❌ Socket disconnect/error: The operation couldn’t be completed. Socket is not connected
[4:25:01 PM] 🌐 Connected to Broker. Waiting for listeners...
[4:25:01 PM] 📥 Unknown msg type: 
[4:25:01 PM] ❌ Socket disconnect/error: The operation couldn’t be completed. Socket is not connected
[4:25:05 PM] 🌐 Connected to Broker. Waiting for listeners...
[4:25:05 PM] 📥 Unknown msg type: 
[4:25:05 PM] ❌ Socket disconnect/error: The operation couldn’t be completed. Socket is not connected
[4:25:09 PM] 🌐 Connected to Broker. Waiting for listeners...
[4:25:09 PM] 📥 Unknown msg type: 
[4:25:09 PM] ❌ Socket disconnect/error: The operation couldn’t be completed. Socket is not connected
[4:25:13 PM] 🌐 Connected to Broker. Waiting for listeners...
[4:25:13 PM] 📥 Unknown msg type: 
[4:25:13 PM] ❌ Socket disconnect/error: The operation couldn’t be completed. Socket is not connected
[4:25:17 PM] 🌐 Connected to Broker. Waiting for listeners...
[4:25:18 PM] 📥 Unknown msg type: 
[4:25:18 PM] ❌ Socket disconnect/error: The operation couldn’t be completed. Socket is not connected
[4:25:21 PM] 🌐 Connected to Broker. Waiting for listeners...
[4:25:22 PM] 📥 Unknown msg type: 
[4:25:22 PM] ❌ Socket disconnect/error: The operation couldn’t be completed. Socket is not connected
[4:25:25 PM] 🌐 Connected to Broker. Waiting for listeners...
[4:25:26 PM] 📥 Unknown msg type: 
[4:25:26 PM] ❌ Socket disconnect/error: The operation couldn’t be completed. Socket is not connected
[4:25:30 PM] 🌐 Connected to Broker. Waiting for listeners...
[4:25:30 PM] 📥 Unknown msg type: 
[4:25:30 PM] ❌ Socket disconnect/error: The operation couldn’t be completed. Socket is not connected
[4:25:34 PM] 🌐 Connected to Broker. Waiting for listeners...
[4:25:34 PM] 📥 Unknown msg type: 
[4:25:34 PM] ❌ Socket disconnect/error: The operation couldn’t be completed. Socket is not connected
[4:25:38 PM] 🌐 Connected to Broker. Waiting for listeners...
[4:25:38 PM] 📥 Unknown msg type: 
[4:25:38 PM] ❌ Socket disconnect/error: The operation couldn’t be completed. Socket is not connected
[4:25:42 PM] 🌐 Connected to Broker. Waiting for listeners...
[4:25:42 PM] 📥 Unknown msg type: 
[4:25:42 PM] ❌ Socket disconnect/error: The operation couldn’t be completed. Socket is not connected
[4:25:46 PM] 🌐 Connected to Broker. Waiting for listeners...
[4:25:46 PM] 📥 Unknown msg type: 
[4:25:46 PM] ❌ Socket disconnect/error: The operation couldn’t be completed. Socket is not connected
[4:25:50 PM] 🌐 Connected to Broker. Waiting for listeners...
[4:25:50 PM] 📥 Unknown msg type: 
[4:25:50 PM] ❌ Socket disconnect/error: The operation couldn’t be completed. Socket is not connected
[4:25:54 PM] 🌐 Connected to Broker. Waiting for listeners...
[4:25:54 PM] 📥 Unknown msg type: 
[4:25:54 PM] ❌ Socket disconnect/error: The operation couldn’t be completed. Socket is not connected
[4:25:58 PM] 🌐 Connected to Broker. Waiting for listeners...
[4:25:59 PM] 📥 Unknown msg type: 
[4:25:59 PM] ❌ Socket disconnect/error: The operation couldn’t be completed. Socket is not connected
[4:26:02 PM] 🌐 Connected to Broker. Waiting for listeners...
[4:26:03 PM] 📥 Unknown msg type: 
[4:26:03 PM] ❌ Socket disconnect/error: The operation couldn’t be completed. Socket is not connected
[4:26:07 PM] 🌐 Connected to Broker. Waiting for listeners...
[4:26:07 PM] 📥 Unknown msg type: 
[4:26:07 PM] ❌ Socket disconnect/error: The operation couldn’t be completed. Socket is not connected
[4:26:11 PM] 🌐 Connected to Broker. Waiting for listeners...
[4:26:11 PM] 📥 Unknown msg type: 
[4:26:11 PM] ❌ Socket disconnect/error: The operation couldn’t be completed. Socket is not connected
[4:26:15 PM] 🌐 Connected to Broker. Waiting for listeners...
[4:26:15 PM] 📥 Unknown msg type: 
[4:26:15 PM] ❌ Socket disconnect/error: The operation couldn’t be completed. Socket is not connected
[4:26:19 PM] 🌐 Connected to Broker. Waiting for listeners...
[4:26:19 PM] 📥 Unknown msg type: 
[4:26:19 PM] ❌ Socket disconnect/error: The operation couldn’t be completed. Socket is not connected
[4:26:23 PM] 🌐 Connected to Broker. Waiting for listeners...
[4:26:23 PM] 📥 Unknown msg type: 
[4:26:23 PM] ❌ Socket disconnect/error: The operation couldn’t be completed. Socket is not connected
[4:26:27 PM] 🌐 Connected to Broker. Waiting for listeners...
[4:26:27 PM] 📥 Unknown msg type: 
[4:26:27 PM] ❌ Socket disconnect/error: The operation couldn’t be completed. Socket is not connected
[4:26:31 PM] 🌐 Connected to Broker. Waiting for listeners...
[4:26:32 PM] 📥 Unknown msg type: 
[4:26:32 PM] ❌ Socket disconnect/error: The operation couldn’t be completed. Socket is not connected
[4:26:35 PM] 🌐 Connected to Broker. Waiting for listeners...
[4:26:36 PM] 📥 Unknown msg type: 
[4:26:36 PM] ❌ Socket disconnect/error: The operation couldn’t be completed. Socket is not connected
[4:26:40 PM] 🌐 Connected to Broker. Waiting for listeners...
[4:26:40 PM] 📥 Unknown msg type: 
[4:26:40 PM] ❌ Socket disconnect/error: The operation couldn’t be completed. Socket is not connected
[4:26:44 PM] 🌐 Connected to Broker. Waiting for listeners...
[4:26:44 PM] 📥 Unknown msg type: 
[4:26:44 PM] ❌ Socket disconnect/error: The operation couldn’t be completed. Socket is not connected
[4:26:48 PM] 🌐 Connected to Broker. Waiting for listeners...
[4:26:48 PM] 📥 Unknown msg type: 
[4:26:48 PM] ❌ Socket disconnect/error: The operation couldn’t be completed. Socket is not connected
[4:26:52 PM] 🌐 Connected to Broker. Waiting for listeners...
[4:26:52 PM] 📥 Unknown msg type: 
[4:26:52 PM] ❌ Socket disconnect/error: The operation couldn’t be completed. Socket is not connected
[4:26:56 PM] 🌐 Connected to Broker. Waiting for listeners...
[4:26:56 PM] 📥 Unknown msg type: 
[4:26:56 PM] ❌ Socket disconnect/error: The operation couldn’t be completed. Socket is not connected
[4:27:00 PM] 🌐 Connected to Broker. Waiting for listeners...
[4:27:00 PM] 📥 Unknown msg type: 
[4:27:00 PM] ❌ Socket disconnect/error: The operation couldn’t be completed. Socket is not connected
[4:27:04 PM] 🌐 Connected to Broker. Waiting for listeners...
[4:27:04 PM] 📥 Unknown msg type: 
[4:27:04 PM] ❌ Socket disconnect/error: The operation couldn’t be completed. Socket is not connected
[4:27:08 PM] 🌐 Connected to Broker. Waiting for listeners...
[4:27:09 PM] 📥 Unknown msg type: 
[4:27:09 PM] ❌ Socket disconnect/error: The operation couldn’t be completed. Socket is not connected
[4:27:12 PM] 🌐 Connected to Broker. Waiting for listeners...
[4:27:13 PM] 📥 Unknown msg type: 
[4:27:13 PM] ❌ Socket disconnect/error: The operation couldn’t be completed. Socket is not connected
[4:27:17 PM] 🌐 Connected to Broker. Waiting for listeners...
[4:27:17 PM] 📥 Unknown msg type: 
[4:27:17 PM] ❌ Socket disconnect/error: The operation couldn’t be completed. Socket is not connected
[4:27:21 PM] 🌐 Connected to Broker. Waiting for listeners...
[4:27:21 PM] 📥 Unknown msg type: 
[4:27:21 PM] ❌ Socket disconnect/error: The operation couldn’t be completed. Socket is not connected
[4:27:25 PM] 🌐 Connected to Broker. Waiting for listeners...
[4:27:25 PM] 📥 Unknown msg type: 
[4:27:25 PM] ❌ Socket disconnect/error: The operation couldn’t be completed. Socket is not connected
[4:27:29 PM] 🌐 Connected to Broker. Waiting for listeners...
[4:27:29 PM] 📥 Unknown msg type: 
[4:27:29 PM] ❌ Socket disconnect/error: The operation couldn’t be completed. Socket is not connected
[4:27:33 PM] 🌐 Connected to Broker. Waiting for listeners...
[4:27:33 PM] 📥 Unknown msg type: 
[4:27:33 PM] ❌ Socket disconnect/error: The operation couldn’t be completed. Socket is not connected
[4:27:37 PM] 🌐 Connected to Broker. Waiting for listeners...
[4:27:37 PM] 📥 Unknown msg type: 
[4:27:37 PM] ❌ Socket disconnect/error: The operation couldn’t be completed. Socket is not connected
[4:27:41 PM] 🌐 Connected to Broker. Waiting for listeners...
[4:27:42 PM] 📥 Unknown msg type: 
[4:27:42 PM] ❌ Socket disconnect/error: The operation couldn’t be completed. Socket is not connected
[4:27:45 PM] 🌐 Connected to Broker. Waiting for listeners...
[4:27:46 PM] 📥 Unknown msg type: 
[4:27:46 PM] ❌ Socket disconnect/error: The operation couldn’t be completed. Socket is not connected
[4:27:50 PM] 🌐 Connected to Broker. Waiting for listeners...
[4:27:50 PM] 📥 Unknown msg type: 
[4:27:50 PM] ❌ Socket disconnect/error: The operation couldn’t be completed. Socket is not connected
[4:27:54 PM] 🌐 Connected to Broker. Waiting for listeners...
[4:27:54 PM] 📥 Unknown msg type: 
[4:27:54 PM] ❌ Socket disconnect/error: The operation couldn’t be completed. Socket is not connected
[4:27:58 PM] 🌐 Connected to Broker. Waiting for listeners...
[4:27:58 PM] 📥 Unknown msg type: 
[4:27:58 PM] ❌ Socket disconnect/error: The operation couldn’t be completed. Socket is not connected
[4:28:02 PM] 🌐 Connected to Broker. Waiting for listeners...
[4:28:02 PM] 📥 Unknown msg type: 
[4:28:02 PM] ❌ Socket disconnect/error: The operation couldn’t be completed. Socket is not connected
[4:28:06 PM] 🌐 Connected to Broker. Waiting for listeners...
[4:28:06 PM] 📥 Unknown msg type: 
[4:28:06 PM] ❌ Socket disconnect/error: The operation couldn’t be completed. Socket is not connected
[4:28:10 PM] 🌐 Connected to Broker. Waiting for listeners...
[4:28:10 PM] 📥 Unknown msg type: 
[4:28:10 PM] ❌ Socket disconnect/error: The operation couldn’t be completed. Socket is not connected
[4:28:14 PM] 🌐 Connected to Broker. Waiting for listeners...
[4:28:14 PM] 📥 Unknown msg type: 
[4:28:14 PM] ❌ Socket disconnect/error: The operation couldn’t be completed. Socket is not connected
[4:28:18 PM] 🌐 Connected to Broker. Waiting for listeners...
[4:28:19 PM] 📥 Unknown msg type: 
[4:28:19 PM] ❌ Socket disconnect/error: The operation couldn’t be completed. Socket is not connected
[4:28:22 PM] 🌐 Connected to Broker. Waiting for listeners...
[4:28:23 PM] 📥 Unknown msg type: 
[4:28:23 PM] ❌ Socket disconnect/error: The operation couldn’t be completed. Socket is not connected
[4:28:26 PM] 🛑 Shutting down all services…
[4:28:26 PM] ❌ Socket disconnect/error: cancelled
[4:28:26 PM] ⚠️ Node relay exited (code: 15)
[4:28:26 PM] ⚠️ Cloudflare tunnel exited (code: 0)
[4:28:49 PM] Session room: sourcery-mmc2k7r4
[4:28:50 PM] 🚀 Starting — launching LAN turbo mode…
[4:28:50 PM] 🔗 Connecting to local Node relay…
[4:28:50 PM] 🧹 Cleaning stale port/tunnel processes…
[4:28:50 PM] ❌ Socket disconnect/error: Could not connect to the server.
[4:28:51 PM] ✅ Environment clean
[4:28:51 PM] 📡 Launching Node relay on port 5173…
[4:28:51 PM]    node: /usr/local/bin/node
[4:28:51 PM] ✅ Node relay online (LAN turbo mode ready on port 5173)
[4:28:51 PM] 🔐 Establishing secure public Cloudflare tunnel…
[4:28:53 PM] 🌐 Connected to Broker. Waiting for listeners...
[4:28:55 PM] 🟢 Tunnel active: francisco-warranty-zone-incentive.trycloudflare.com
[4:28:55 PM] 📡 Publishing tunnel to Service Discovery (sourcery-mmc2k7r4)…
[4:28:55 PM] ✅ Public Audio Link Ready!
[4:32:59 PM] 🛑 Shutting down all services…
[4:32:59 PM] ❌ Socket disconnect/error: The operation couldn’t be completed. Socket is not connected
[4:32:59 PM] ⚠️ Node relay exited (code: 15)
[4:32:59 PM] ⚠️ Cloudflare tunnel exited (code: 0)
[4:32:59 PM] 🛑 Shutting down all services…
[4:33:05 PM] Session room: sourcery-mmc2k7r4
[4:33:05 PM] 🚀 Starting — launching LAN turbo mode…
[4:33:05 PM] 🔗 Connecting to local Node relay…
[4:33:05 PM] 🧹 Cleaning stale port/tunnel processes…
[4:33:05 PM] ❌ Socket disconnect/error: Could not connect to the server.
[4:33:05 PM] ✅ Environment clean
[4:33:05 PM] 📡 Launching Node relay on port 5173…
[4:33:05 PM]    node: /usr/local/bin/node
[4:33:05 PM] ✅ Node relay online (LAN turbo mode ready on port 5173)
[4:33:06 PM] 🔐 Establishing secure public Cloudflare tunnel…
[4:33:08 PM] 🌐 Connected to Broker. Waiting for listeners...
[4:33:10 PM] 🟢 Tunnel active: joseph-das-parish-cognitive.trycloudflare.com
[4:33:10 PM] 📡 Publishing tunnel to Service Discovery (sourcery-mmc2k7r4)…
[4:33:10 PM] ✅ Public Audio Link Ready!
[4:33:58 PM] 📋 Link copied to clipboard
[4:35:32 PM] 🛑 Shutting down all services…
[4:35:32 PM] ❌ Socket disconnect/error: The operation couldn’t be completed. Socket is not connected
[4:35:32 PM] ⚠️ Node relay exited (code: 15)
[4:35:32 PM] ⚠️ Cloudflare tunnel exited (code: 0)
[4:35:33 PM] 🛑 Shutting down all services…
[4:35:58 PM] Session room: sourcery-mmc2k7r4
[4:35:58 PM] 🚀 Starting — launching LAN turbo mode…
[4:35:58 PM] 🔗 Connecting to local Node relay…
[4:35:58 PM] 🧹 Cleaning stale port/tunnel processes…
[4:35:58 PM] ❌ Socket disconnect/error: Could not connect to the server.
[4:35:58 PM] ✅ Environment clean
[4:35:58 PM] 📡 Launching Node relay on port 5173…
[4:35:58 PM]    node: /usr/local/bin/node
[4:35:58 PM] ✅ Node relay online (LAN turbo mode ready on port 5173)
[4:35:59 PM] 🔐 Establishing secure public Cloudflare tunnel…
[4:36:01 PM] 🌐 Connected to Broker. Waiting for listeners...
[4:36:02 PM] 🟢 Tunnel active: clinics-subscriptions-understood-sciences.trycloudflare.com
[4:36:02 PM] 📡 Publishing tunnel to Service Discovery (sourcery-mmc2k7r4)…
[4:36:03 PM] ✅ Public Audio Link Ready!
[4:39:26 PM] 🛑 Shutting down all services…
[4:39:26 PM] ⚠️ Node relay exited (code: 15)
[4:39:26 PM] ❌ Socket disconnect/error: The operation couldn’t be completed. Socket is not connected
[4:39:26 PM] ⚠️ Cloudflare tunnel exited (code: 0)
[4:39:31 PM] Session room: sourcery-mmc2k7r4
[4:39:33 PM] 🚀 Starting — launching LAN turbo mode…
[4:39:33 PM] 🔗 Connecting to local Node relay…
[4:39:33 PM] 🧹 Cleaning stale port/tunnel processes…
[4:39:33 PM] ❌ Socket disconnect/error: Could not connect to the server.
[4:39:33 PM] ✅ Environment clean
[4:39:33 PM] 📡 Launching Node relay on port 5173…
[4:39:33 PM]    node: /usr/local/bin/node
[4:39:33 PM] ✅ Node relay online (LAN turbo mode ready on port 5173)
[4:39:34 PM] 🔐 Establishing secure public Cloudflare tunnel…
[4:39:36 PM] 🌐 Connected to Broker. Waiting for listeners...
[4:39:37 PM] 🟢 Tunnel active: related-bureau-documentation-victor.trycloudflare.com
[4:39:37 PM] 📡 Publishing tunnel to Service Discovery (sourcery-mmc2k7r4)…
[4:39:38 PM] ✅ Public Audio Link Ready!
[4:41:19 PM] 🛑 Shutting down all services…
[4:41:19 PM] ❌ Socket disconnect/error: The operation couldn’t be completed. Socket is not connected
[4:41:19 PM] ⚠️ Node relay exited (code: 15)
[4:41:19 PM] ⚠️ Cloudflare tunnel exited (code: 0)
[4:41:25 PM] 🚀 Starting — launching LAN turbo mode…
[4:41:25 PM] 🔗 Connecting to local Node relay…
[4:41:25 PM] 🧹 Cleaning stale port/tunnel processes…
[4:41:25 PM] ❌ Socket disconnect/error: Could not connect to the server.
[4:41:25 PM] ✅ Environment clean
[4:41:25 PM] 📡 Launching Node relay on port 5173…
[4:41:25 PM]    node: /usr/local/bin/node
[4:41:25 PM] ✅ Node relay online (LAN turbo mode ready on port 5173)
[4:41:26 PM] 🔐 Establishing secure public Cloudflare tunnel…
[4:41:28 PM] 🌐 Connected to Broker. Waiting for listeners...
[4:41:29 PM] 🟢 Tunnel active: istanbul-deposits-equality-unto.trycloudflare.com
[4:41:29 PM] 📡 Publishing tunnel to Service Discovery (sourcery-mmc2k7r4)…
[4:41:29 PM] ✅ Public Audio Link Ready!
